2021-05-18 11:43:26 info: =================================
2021-05-18 11:43:26 info: ======= ENV: development =======
2021-05-18 11:43:26 info: 🚀 App listening on the port 3000
2021-05-18 11:43:26 info: =================================
2021-05-18 11:43:26 info: 1ms Executed (default): SELECT 1+1 AS result
2021-05-18 11:43:26 info: 45ms Executed (default): CREATE TABLE IF NOT EXISTS `users` (`id` INTEGER auto_increment , `email` VARCHAR(45) NOT NULL, `password` VARCHAR(255) NOT NULL, `createdAt` DATETIME NOT NULL, `updatedAt` DATETIME NOT NULL, PRIMARY KEY (`id`)) ENGINE=InnoDB;
2021-05-18 11:43:26 info: 11ms Executed (default): SHOW INDEX FROM `users`
2021-05-18 23:52:23 info: =================================
2021-05-18 23:52:23 info: ======= ENV: development =======
2021-05-18 23:52:23 info: 🚀 App listening on the port 3000
2021-05-18 23:52:23 info: =================================
2021-05-18 23:52:23 info: 1ms Executed (default): SELECT 1+1 AS result
2021-05-18 23:52:23 info: 24ms Executed (default): CREATE TABLE IF NOT EXISTS `users` (`id` INTEGER auto_increment , `email` VARCHAR(45) NOT NULL, `password` VARCHAR(255) NOT NULL, `createdAt` DATETIME NOT NULL, `updatedAt` DATETIME NOT NULL, PRIMARY KEY (`id`)) ENGINE=InnoDB;
2021-05-18 23:52:23 info: 30ms Executed (default): SHOW INDEX FROM `users`
2021-05-18 23:53:50 info: =================================
2021-05-18 23:53:50 info: ======= ENV: development =======
2021-05-18 23:53:50 info: 🚀 App listening on the port 3000
2021-05-18 23:53:50 info: =================================
2021-05-18 23:53:50 info: 1ms Executed (default): SELECT 1+1 AS result
2021-05-18 23:53:50 info: 5ms Executed (default): CREATE TABLE IF NOT EXISTS `users` (`id` INTEGER auto_increment , `email` VARCHAR(45) NOT NULL, `password` VARCHAR(255) NOT NULL, `createdAt` DATETIME NOT NULL, `updatedAt` DATETIME NOT NULL, PRIMARY KEY (`id`)) ENGINE=InnoDB;
2021-05-18 23:53:50 info: 8ms Executed (default): SHOW INDEX FROM `users`
2021-05-18 23:54:16 info: =================================
2021-05-18 23:54:16 info: ======= ENV: development =======
2021-05-18 23:54:16 info: 🚀 App listening on the port 3000
2021-05-18 23:54:16 info: =================================
2021-05-18 23:54:16 info: 2ms Executed (default): SELECT 1+1 AS result
2021-05-18 23:54:16 info: 3ms Executed (default): CREATE TABLE IF NOT EXISTS `users` (`id` INTEGER auto_increment , `email` VARCHAR(45) NOT NULL, `password` VARCHAR(255) NOT NULL, `createdAt` DATETIME NOT NULL, `updatedAt` DATETIME NOT NULL, PRIMARY KEY (`id`)) ENGINE=InnoDB;
2021-05-18 23:54:16 info: 6ms Executed (default): SHOW INDEX FROM `users`
2021-05-18 23:54:16 info: [0mGET / [32m200[0m 5.734 ms - 2[0m
2021-05-18 23:54:27 info: [0mGET / [36m304[0m 0.946 ms - -[0m
2021-05-18 23:54:30 info: [0mGET / [36m304[0m 0.668 ms - -[0m
2021-05-18 23:54:31 info: [0mGET / [36m304[0m 0.535 ms - -[0m
2021-05-18 23:55:07 info: =================================
2021-05-18 23:55:07 info: ======= ENV: development =======
2021-05-18 23:55:07 info: 🚀 App listening on the port 3000
2021-05-18 23:55:07 info: =================================
2021-05-18 23:55:07 info: 1ms Executed (default): SELECT 1+1 AS result
2021-05-18 23:55:07 info: 2ms Executed (default): CREATE TABLE IF NOT EXISTS `users` (`id` INTEGER auto_increment , `email` VARCHAR(45) NOT NULL, `password` VARCHAR(255) NOT NULL, `createdAt` DATETIME NOT NULL, `updatedAt` DATETIME NOT NULL, PRIMARY KEY (`id`)) ENGINE=InnoDB;
2021-05-18 23:55:07 info: 3ms Executed (default): SHOW INDEX FROM `users`
2021-05-18 23:55:16 info: [0mGET / [36m304[0m 4.918 ms - -[0m
2021-05-18 23:55:16 info: [0mGET / [36m304[0m 0.821 ms - -[0m
